[2023-03-13 16:31:09] mma.DEBUG: Received a new coupon generation request [] []
[2023-03-13 16:31:09] mma.DEBUG: Validating request [] []
[2023-03-13 16:31:09] mma.DEBUG: Valid request [] []
[2023-03-13 16:31:09] mma.DEBUG: Generating new coupon code [] []
[2023-03-13 16:31:09] mma.DEBUG: Code KMasOylbhxS61Jfk [] []
[2023-03-13 16:31:09] mma.DEBUG: Amount 10 [] []
[2023-03-13 16:31:09] mma.DEBUG: Discount Type percent [] []
[2023-03-13 16:31:09] mma.DEBUG: Individual Use 1 [] []
[2023-03-13 16:31:09] mma.DEBUG: Usage Limit 1 [] []
[2023-03-13 16:31:09] mma.DEBUG: Coupon code generated succesfully [] []
[2023-03-13 16:31:09] mma.DEBUG: Request body "{\n  \"email\": \"arne@bruno-agency.be\",\n  \"birthday\": \"16\/03\",\n  \"coupon\": \"\"\n}" [] []
[2023-03-13 16:31:09] mma.DEBUG: Checking to see if user exists in Mailchimp [] []
[2023-03-13 16:31:10] mma.DEBUG: User found {"id":"9016a9efa68f1f88996affd482079243","email_address":"arne@bruno-agency.be","unique_email_id":"3114ec23f3","contact_id":"06e1b1bb0a7a5f53478bf52dbe7ff659","full_name":"","web_id":523856493,"email_type":"html","status":"subscribed","consents_to_one_to_one_messaging":true,"merge_fields":{"MMERGE1":"03\/16","COUPON":""},"stats":{"avg_open_rate":0,"avg_click_rate":0,"ecommerce_data":{"total_revenue":0,"number_of_orders":0,"currency_code":"USD"}},"ip_signup":"","timestamp_signup":"","ip_opt":"94.226.14.172","timestamp_opt":"2023-03-13T16:25:42+00:00","member_rating":2,"last_changed":"2023-03-13T16:25:42+00:00","language":"","vip":false,"email_client":"","location":{"latitude":0,"longitude":0,"gmtoff":0,"dstoff":0,"country_code":"","timezone":"","region":""},"source":"Admin Add","tags_count":1,"tags":[{"id":6706741,"name":"test-coupon"}],"list_id":"2872c7dd79","_links":[{"rel":"self","href":"https:\/\/us13.api.mailchimp.com\/3.0\/lists\/2872c7dd79\/members\/9016a9efa68f1f88996affd482079243","method":"GET","targetSchema":"https:\/\/us13.api.mailchimp.com\/schema\/3.0\/Definitions\/Lists\/Members\/Response.json"},{"rel":"parent","href":"https:\/\/us13.api.mailchimp.com\/3.0\/lists\/2872c7dd79\/members","method":"GET","targetSchema":"https:\/\/us13.api.mailchimp.com\/schema\/3.0\/Definitions\/Lists\/Members\/CollectionResponse.json","schema":"https:\/\/us13.api.mailchimp.com\/schema\/3.0\/Paths\/Lists\/Members\/Collection.json"},{"rel":"update","href":"https:\/\/us13.api.mailchimp.com\/3.0\/lists\/2872c7dd79\/members\/9016a9efa68f1f88996affd482079243","method":"PATCH","targetSchema":"https:\/\/us13.api.mailchimp.com\/schema\/3.0\/Definitions\/Lists\/Members\/Response.json","schema":"https:\/\/us13.api.mailchimp.com\/schema\/3.0\/Definitions\/Lists\/Members\/PATCH.json"},{"rel":"upsert","href":"https:\/\/us13.api.mailchimp.com\/3.0\/lists\/2872c7dd79\/members\/9016a9efa68f1f88996affd482079243","method":"PUT","targetSchema":"https:\/\/us13.api.mailchimp.com\/schema\/3.0\/Definitions\/Lists\/Members\/Response.json","schema":"https:\/\/us13.api.mailchimp.com\/schema\/3.0\/Definitions\/Lists\/Members\/PUT.json"},{"rel":"delete","href":"https:\/\/us13.api.mailchimp.com\/3.0\/lists\/2872c7dd79\/members\/9016a9efa68f1f88996affd482079243","method":"DELETE"},{"rel":"activity","href":"https:\/\/us13.api.mailchimp.com\/3.0\/lists\/2872c7dd79\/members\/9016a9efa68f1f88996affd482079243\/activity","method":"GET","targetSchema":"https:\/\/us13.api.mailchimp.com\/schema\/3.0\/Definitions\/Lists\/Members\/Activity\/Response.json"},{"rel":"goals","href":"https:\/\/us13.api.mailchimp.com\/3.0\/lists\/2872c7dd79\/members\/9016a9efa68f1f88996affd482079243\/goals","method":"GET","targetSchema":"https:\/\/us13.api.mailchimp.com\/schema\/3.0\/Definitions\/Lists\/Members\/Goals\/Response.json"},{"rel":"notes","href":"https:\/\/us13.api.mailchimp.com\/3.0\/lists\/2872c7dd79\/members\/9016a9efa68f1f88996affd482079243\/notes","method":"GET","targetSchema":"https:\/\/us13.api.mailchimp.com\/schema\/3.0\/Definitions\/Lists\/Members\/Notes\/CollectionResponse.json"},{"rel":"events","href":"https:\/\/us13.api.mailchimp.com\/3.0\/lists\/2872c7dd79\/members\/9016a9efa68f1f88996affd482079243\/events","method":"POST","targetSchema":"https:\/\/us13.api.mailchimp.com\/schema\/3.0\/Definitions\/Lists\/Members\/Events\/POST.json"},{"rel":"delete_permanent","href":"https:\/\/us13.api.mailchimp.com\/3.0\/lists\/2872c7dd79\/members\/9016a9efa68f1f88996affd482079243\/actions\/delete-permanent","method":"POST"}]} [] []
[2023-03-13 16:31:10] mma.DEBUG: Merging coupon code value to user in Mailchimp. [] []
[2023-03-13 16:31:10] mma.DEBUG: Email: arne@bruno-agency.be [] []
[2023-03-13 16:31:10] mma.DEBUG: Audience ID: 2872c7dd79 [] []
[2023-03-13 16:31:10] mma.DEBUG: Subscriber Hash: 9016a9efa68f1f88996affd482079243 [] []
[2023-03-13 16:31:10] mma.DEBUG: Coupon code: KMasOylbhxS61Jfk [] []
[2023-03-13 16:45:10] mma.DEBUG: Received a new coupon generation request [] []
[2023-03-13 16:45:10] mma.DEBUG: Validating request [] []
[2023-03-13 16:45:10] mma.DEBUG: Valid request [] []
[2023-03-13 16:45:10] mma.DEBUG: Generating new coupon code [] []
[2023-03-13 16:45:10] mma.DEBUG: Code Da9OrxDsNv1c3IhD [] []
[2023-03-13 16:45:10] mma.DEBUG: Amount 10 [] []
[2023-03-13 16:45:10] mma.DEBUG: Discount Type percent [] []
[2023-03-13 16:45:10] mma.DEBUG: Individual Use 1 [] []
[2023-03-13 16:45:10] mma.DEBUG: Usage Limit 1 [] []
[2023-03-13 16:45:10] mma.DEBUG: Coupon code generated succesfully [] []
[2023-03-13 16:45:10] mma.DEBUG: Request body "{\n  \"email\": \"arne@bruno-agency.be\",\n  \"birthday\": \"16\/03\",\n  \"coupon\": \"KMasOylbhxS61Jfk\"\n}" [] []
[2023-03-13 16:45:10] mma.DEBUG: Checking to see if user exists in Mailchimp [] []
[2023-03-13 16:45:11] mma.DEBUG: User found [] []
[2023-03-13 16:45:11] mma.DEBUG: Merging coupon code value to user in Mailchimp. [] []
[2023-03-13 16:45:11] mma.DEBUG: Email: arne@bruno-agency.be [] []
[2023-03-13 16:45:11] mma.DEBUG: Audience ID: 2872c7dd79 [] []
[2023-03-13 16:45:11] mma.DEBUG: Subscriber Hash: 9016a9efa68f1f88996affd482079243 [] []
[2023-03-13 16:45:11] mma.DEBUG: Coupon code: Da9OrxDsNv1c3IhD [] []
